┃           0  ┃      3.3953  │      7.30 %  │      0.1704  ┃   9.999e-02  │   01:41 min  ┃      3.1238  │     11.32 %  ┃
┃           1  ┃      3.0332  │     13.76 %  │      0.1831  ┃   9.996e-02  │   01:34 min  ┃      2.9120  │     16.37 %  ┃
┃           2  ┃      2.7522  │     20.23 %  │      0.2226  ┃   9.991e-02  │   01:34 min  ┃      2.5239  │     25.14 %  ┃
┃           3  ┃      2.4080  │     28.55 %  │      0.2681  ┃   9.986e-02  │   01:34 min  ┃      2.2694  │     30.46 %  ┃
┃           4  ┃      2.1352  │     35.32 %  │      0.2866  ┃   9.979e-02  │   01:35 min  ┃      2.0317  │     36.10 %  ┃
┃           5  ┃      1.9221  │     41.36 %  │      0.3024  ┃   9.971e-02  │   01:34 min  ┃      1.8187  │     43.54 %  ┃
┃           6  ┃      1.7655  │     46.38 %  │      0.3108  ┃   9.962e-02  │   01:35 min  ┃      1.7148  │     46.31 %  ┃
┃           7  ┃      1.6536  │     49.41 %  │      0.3204  ┃   9.951e-02  │   01:34 min  ┃      1.5783  │     50.71 %  ┃
┃           8  ┃      1.5533  │     52.61 %  │      0.3234  ┃   9.940e-02  │   01:34 min  ┃      1.5949  │     50.63 %  ┃
┃           9  ┃      1.4825  │     55.10 %  │      0.3304  ┃   9.927e-02  │   01:34 min  ┃      1.4357  │     55.62 %  ┃
┃          10  ┃      1.4253  │     56.79 %  │      0.3339  ┃   9.913e-02  │   01:35 min  ┃      1.4326  │     55.16 %  ┃
┃          11  ┃      1.3720  │     58.78 %  │      0.3386  ┃   9.897e-02  │   01:34 min  ┃      1.3747  │     57.08 %  ┃
┃          12  ┃      1.3324  │     59.95 %  │      0.3389  ┃   9.881e-02  │   01:34 min  ┃      1.4524  │     54.78 %  ┃
┃          13  ┃      1.2954  │     61.05 %  │      0.3406  ┃   9.863e-02  │   01:34 min  ┃      1.3336  │     58.49 %  ┃
┃          14  ┃      1.2665  │     61.84 %  │      0.3425  ┃   9.844e-02  │   01:34 min  ┃      1.2674  │     60.96 %  ┃
┃          15  ┃      1.2378  │     63.16 %  │      0.3414  ┃   9.824e-02  │   01:34 min  ┃      1.2736  │     60.84 %  ┃
┃          16  ┃      1.2126  │     64.25 %  │      0.3447  ┃   9.803e-02  │   01:34 min  ┃      1.2505  │     61.04 %  ┃
┃          17  ┃      1.1890  │     64.78 %  │      0.3460  ┃   9.780e-02  │   01:34 min  ┃      1.2684  │     60.78 %  ┃
┃          18  ┃      1.1684  │     65.35 %  │      0.3455  ┃   9.757e-02  │   01:34 min  ┃      1.1929  │     63.55 %  ┃
┃          19  ┃      1.1480  │     65.87 %  │      0.3461  ┃   9.732e-02  │   01:34 min  ┃      1.2029  │     63.16 %  ┃
┃          20  ┃      1.1303  │     66.36 %  │      0.3484  ┃   9.706e-02  │   01:33 min  ┃      1.1926  │     63.00 %  ┃
┃          21  ┃      1.1143  │     67.27 %  │      0.3460  ┃   9.678e-02  │   01:35 min  ┃      1.1774  │     63.94 %  ┃
┃          22  ┃      1.1025  │     67.54 %  │      0.3485  ┃   9.650e-02  │   01:34 min  ┃      1.1846  │     63.82 %  ┃
┃          23  ┃      1.0860  │     68.12 %  │      0.3470  ┃   9.621e-02  │   01:34 min  ┃      1.1702  │     63.58 %  ┃
┃          24  ┃      1.0731  │     68.41 %  │      0.3500  ┃   9.590e-02  │   01:35 min  ┃      1.1297  │     65.06 %  ┃
┃          25  ┃      1.0621  │     69.12 %  │      0.3504  ┃   9.558e-02  │   01:34 min  ┃      1.1195  │     65.82 %  ┃
┃          26  ┃      1.0507  │     69.25 %  │      0.3525  ┃   9.525e-02  │   01:35 min  ┃      1.0767  │     67.56 %  ┃
┃          27  ┃      1.0383  │     69.87 %  │      0.3480  ┃   9.491e-02  │   01:35 min  ┃      1.0989  │     66.35 %  ┃
┃          28  ┃      1.0348  │     70.12 %  │      0.3524  ┃   9.456e-02  │   01:34 min  ┃      1.0973  │     66.42 %  ┃
┃          29  ┃      1.0223  │     70.14 %  │      0.3500  ┃   9.420e-02  │   01:34 min  ┃      1.1090  │     65.37 %  ┃
┃          30  ┃      1.0139  │     70.62 %  │      0.3511  ┃   9.383e-02  │   01:34 min  ┃      1.0976  │     66.06 %  ┃
┃          31  ┃      1.0085  │     70.90 %  │      0.3533  ┃   9.344e-02  │   01:34 min  ┃      1.0793  │     67.43 %  ┃
┃          32  ┃      0.9952  │     71.25 %  │      0.3550  ┃   9.305e-02  │   01:34 min  ┃      1.0944  │     66.52 %  ┃
┃          33  ┃      0.9887  │     71.61 %  │      0.3497  ┃   9.264e-02  │   01:35 min  ┃      1.0740  │     66.88 %  ┃
┃          34  ┃      0.9821  │     71.86 %  │      0.3529  ┃   9.223e-02  │   01:34 min  ┃      1.0620  │     67.60 %  ┃
┃          35  ┃      0.9718  │     71.96 %  │      0.3531  ┃   9.180e-02  │   01:35 min  ┃      1.0413  │     68.25 %  ┃
┃          36  ┃      0.9670  │     72.32 %  │      0.3543  ┃   9.137e-02  │   01:34 min  ┃      1.0587  │     67.50 %  ┃
┃          37  ┃      0.9639  │     72.35 %  │      0.3524  ┃   9.092e-02  │   01:35 min  ┃      1.0695  │     67.39 %  ┃
┃          38  ┃      0.9576  │     72.63 %  │      0.3534  ┃   9.046e-02  │   01:34 min  ┃      1.0328  │     68.74 %  ┃
┃          39  ┃      0.9543  │     72.68 %  │      0.3556  ┃   9.000e-02  │   01:34 min  ┃      1.0317  │     68.52 %  ┃
┃          40  ┃      0.9456  │     73.02 %  │      0.3526  ┃   8.952e-02  │   01:34 min  ┃      1.0403  │     68.22 %  ┃
┃          41  ┃      0.9331  │     73.38 %  │      0.3557  ┃   8.903e-02  │   01:34 min  ┃      1.0177  │     68.69 %  ┃
┃          42  ┃      0.9258  │     73.66 %  │      0.3579  ┃   8.854e-02  │   01:35 min  ┃      1.0350  │     68.57 %  ┃
┃          43  ┃      0.9267  │     73.62 %  │      0.3545  ┃   8.803e-02  │   01:36 min  ┃      0.9825  │     69.76 %  ┃
┃          44  ┃      0.9181  │     74.14 %  │      0.3567  ┃   8.752e-02  │   01:35 min  ┃      0.9962  │     69.70 %  ┃
┃          45  ┃      0.9124  │     74.15 %  │      0.3579  ┃   8.699e-02  │   01:34 min  ┃      0.9835  │     69.82 %  ┃
┃          46  ┃      0.9095  │     74.32 %  │      0.3555  ┃   8.646e-02  │   01:34 min  ┃      1.0040  │     69.46 %  ┃
┃          47  ┃      0.9081  │     74.32 %  │      0.3591  ┃   8.592e-02  │   01:35 min  ┃      1.0169  │     68.78 %  ┃
┃          48  ┃      0.9038  │     74.44 %  │      0.3581  ┃   8.537e-02  │   01:34 min  ┃      0.9825  │     70.31 %  ┃
┃          49  ┃      0.8973  │     74.61 %  │      0.3599  ┃   8.481e-02  │   01:35 min  ┃      0.9782  │     70.10 %  ┃
┃          50  ┃      0.8948  │     74.85 %  │      0.3585  ┃   8.424e-02  │   01:35 min  ┃      0.9650  │     70.68 %  ┃
┃          51  ┃      0.8892  │     75.12 %  │      0.3600  ┃   8.366e-02  │   01:34 min  ┃      0.9870  │     70.01 %  ┃
┃          52  ┃      0.8828  │     75.33 %  │      0.3579  ┃   8.308e-02  │   01:34 min  ┃      1.0118  │     68.88 %  ┃
┃          53  ┃      0.8798  │     75.41 %  │      0.3590  ┃   8.248e-02  │   01:35 min  ┃      0.9655  │     70.29 %  ┃
┃          54  ┃      0.8779  │     75.34 %  │      0.3609  ┃   8.188e-02  │   01:34 min  ┃      0.9603  │     70.88 %  ┃
┃          55  ┃      0.8667  │     76.03 %  │      0.3598  ┃   8.127e-02  │   01:34 min  ┃      0.9837  │     70.19 %  ┃
┃          56  ┃      0.8652  │     75.94 %  │      0.3637  ┃   8.066e-02  │   01:35 min  ┃      0.9807  │     70.20 %  ┃
┃          57  ┃      0.8614  │     76.13 %  │      0.3597  ┃   8.003e-02  │   01:35 min  ┃      0.9729  │     70.55 %  ┃
┃          58  ┃      0.8545  │     76.22 %  │      0.3649  ┃   7.940e-02  │   01:35 min  ┃      0.9567  │     71.07 %  ┃
┃          59  ┃      0.8518  │     76.33 %  │      0.3632  ┃   7.876e-02  │   01:35 min  ┃      0.9350  │     71.06 %  ┃
┃          60  ┃      0.8443  │     76.57 %  │      0.3616  ┃   7.812e-02  │   01:35 min  ┃      0.9760  │     70.39 %  ┃
┃          61  ┃      0.8476  │     76.64 %  │      0.3617  ┃   7.746e-02  │   01:35 min  ┃      0.9506  │     70.97 %  ┃                                                                               [84/1823]
┃          62  ┃      0.8373  │     76.75 %  │      0.3628  ┃   7.680e-02  │   01:34 min  ┃      0.9534  │     71.05 %  ┃
┃          63  ┃      0.8341  │     77.01 %  │      0.3634  ┃   7.614e-02  │   01:34 min  ┃      0.9700  │     70.12 %  ┃
┃          64  ┃      0.8267  │     77.18 %  │      0.3650  ┃   7.546e-02  │   01:35 min  ┃      0.9212  │     72.47 %  ┃
┃          65  ┃      0.8231  │     77.50 %  │      0.3646  ┃   7.479e-02  │   01:35 min  ┃      0.9173  │     72.47 %  ┃
┃          66  ┃      0.8235  │     77.32 %  │      0.3654  ┃   7.410e-02  │   01:34 min  ┃      0.9395  │     71.35 %  ┃
┃          67  ┃      0.8172  │     77.48 %  │      0.3664  ┃   7.341e-02  │   01:35 min  ┃      0.9567  │     70.61 %  ┃
┃          68  ┃      0.8136  │     77.78 %  │      0.3656  ┃   7.271e-02  │   01:34 min  ┃      0.9158  │     72.20 %  ┃
┃          69  ┃      0.8071  │     77.94 %  │      0.3673  ┃   7.201e-02  │   01:34 min  ┃      0.9303  │     71.70 %  ┃
┃          70  ┃      0.7998  │     78.23 %  │      0.3641  ┃   7.130e-02  │   01:34 min  ┃      0.9007  │     72.50 %  ┃
┃          71  ┃      0.7997  │     78.06 %  │      0.3690  ┃   7.059e-02  │   01:35 min  ┃      0.9044  │     72.63 %  ┃
┃          72  ┃      0.7952  │     78.43 %  │      0.3674  ┃   6.987e-02  │   01:34 min  ┃      0.8843  │     73.27 %  ┃
┃          73  ┃      0.7907  │     78.66 %  │      0.3686  ┃   6.915e-02  │   01:35 min  ┃      0.9016  │     73.00 %  ┃
┃          74  ┃      0.7826  │     78.87 %  │      0.3719  ┃   6.842e-02  │   01:35 min  ┃      0.8955  │     73.57 %  ┃
┃          75  ┃      0.7773  │     79.09 %  │      0.3700  ┃   6.769e-02  │   01:34 min  ┃      0.8670  │     73.74 %  ┃
┃          76  ┃      0.7804  │     78.70 %  │      0.3686  ┃   6.695e-02  │   01:34 min  ┃      0.8922  │     73.14 %  ┃
┃          77  ┃      0.7683  │     79.53 %  │      0.3694  ┃   6.621e-02  │   01:34 min  ┃      0.8970  │     72.96 %  ┃
┃          78  ┃      0.7704  │     79.27 %  │      0.3700  ┃   6.546e-02  │   01:35 min  ┃      0.8863  │     73.45 %  ┃
┃          79  ┃      0.7676  │     79.52 %  │      0.3740  ┃   6.471e-02  │   01:34 min  ┃      0.8914  │     73.34 %  ┃
┃          80  ┃      0.7628  │     79.64 %  │      0.3723  ┃   6.396e-02  │   01:34 min  ┃      0.9150  │     72.37 %  ┃
┃          81  ┃      0.7553  │     79.96 %  │      0.3726  ┃   6.321e-02  │   01:34 min  ┃      0.8716  │     73.88 %  ┃
┃          82  ┃      0.7513  │     79.97 %  │      0.3710  ┃   6.245e-02  │   01:34 min  ┃      0.8521  │     74.73 %  ┃
┃          83  ┃      0.7472  │     80.03 %  │      0.3747  ┃   6.168e-02  │   01:34 min  ┃      0.8591  │     74.11 %  ┃
┃          84  ┃      0.7427  │     80.34 %  │      0.3736  ┃   6.092e-02  │   01:35 min  ┃      0.9166  │     72.11 %  ┃
┃          85  ┃      0.7387  │     80.64 %  │      0.3752  ┃   6.015e-02  │   01:34 min  ┃      0.8565  │     74.10 %  ┃
┃          86  ┃      0.7301  │     80.94 %  │      0.3756  ┃   5.938e-02  │   01:34 min  ┃      0.8618  │     74.31 %  ┃
┃          87  ┃      0.7280  │     80.86 %  │      0.3761  ┃   5.861e-02  │   01:34 min  ┃      0.8691  │     73.90 %  ┃
┃          88  ┃      0.7246  │     81.11 %  │      0.3788  ┃   5.783e-02  │   01:34 min  ┃      0.8693  │     73.73 %  ┃
┃          89  ┃      0.7203  │     81.15 %  │      0.3778  ┃   5.706e-02  │   01:35 min  ┃      0.8658  │     74.49 %  ┃
┃          90  ┃      0.7110  │     81.70 %  │      0.3773  ┃   5.628e-02  │   01:34 min  ┃      0.8215  │     75.78 %  ┃
┃          91  ┃      0.7084  │     81.62 %  │      0.3787  ┃   5.550e-02  │   01:34 min  ┃      0.8772  │     73.60 %  ┃
┃          92  ┃      0.7045  │     81.72 %  │      0.3813  ┃   5.472e-02  │   01:34 min  ┃      0.8321  │     75.20 %  ┃
┃          93  ┃      0.7033  │     81.84 %  │      0.3786  ┃   5.394e-02  │   01:34 min  ┃      0.8320  │     75.03 %  ┃
┃          94  ┃      0.6913  │     82.28 %  │      0.3805  ┃   5.315e-02  │   01:34 min  ┃      0.8351  │     74.54 %  ┃
┃          95  ┃      0.6906  │     82.27 %  │      0.3803  ┃   5.237e-02  │   01:34 min  ┃      0.8375  │     75.20 %  ┃
┃          96  ┃      0.6838  │     82.44 %  │      0.3808  ┃   5.158e-02  │   01:35 min  ┃      0.8022  │     76.32 %  ┃
┃          97  ┃      0.6824  │     82.63 %  │      0.3806  ┃   5.080e-02  │   01:35 min  ┃      0.8218  │     74.79 %  ┃
┃          98  ┃      0.6776  │     82.81 %  │      0.3867  ┃   5.001e-02  │   01:34 min  ┃      0.8295  │     75.38 %  ┃
┃          99  ┃      0.6757  │     82.74 %  │      0.3856  ┃   4.923e-02  │   01:34 min  ┃      0.7989  │     76.74 %  ┃
┃         100  ┃      0.6698  │     82.96 %  │      0.3824  ┃   4.844e-02  │   01:35 min  ┃      0.8138  │     75.69 %  ┃
┃         101  ┃      0.6621  │     83.21 %  │      0.3806  ┃   4.766e-02  │   01:35 min  ┃      0.8171  │     75.60 %  ┃
┃         102  ┃      0.6576  │     83.53 %  │      0.3865  ┃   4.687e-02  │   01:34 min  ┃      0.8142  │     75.96 %  ┃
┃         103  ┃      0.6524  │     83.53 %  │      0.3850  ┃   4.609e-02  │   01:34 min  ┃      0.7983  │     76.05 %  ┃
┃         104  ┃      0.6450  │     84.08 %  │      0.3864  ┃   4.531e-02  │   01:34 min  ┃      0.7901  │     76.48 %  ┃
┃         105  ┃      0.6463  │     83.95 %  │      0.3871  ┃   4.453e-02  │   01:34 min  ┃      0.7906  │     76.27 %  ┃
┃         106  ┃      0.6412  │     84.15 %  │      0.3874  ┃   4.375e-02  │   01:34 min  ┃      0.7820  │     77.01 %  ┃
┃         107  ┃      0.6323  │     84.42 %  │      0.3876  ┃   4.297e-02  │   01:34 min  ┃      0.8049  │     75.78 %  ┃
┃         108  ┃      0.6307  │     84.48 %  │      0.3905  ┃   4.219e-02  │   01:35 min  ┃      0.7780  │     77.11 %  ┃
┃         109  ┃      0.6214  │     84.99 %  │      0.3888  ┃   4.142e-02  │   01:35 min  ┃      0.7872  │     76.91 %  ┃
┃         110  ┃      0.6193  │     84.86 %  │      0.3895  ┃   4.064e-02  │   01:35 min  ┃      0.7641  │     77.56 %  ┃
┃         111  ┃      0.6115  │     85.04 %  │      0.3906  ┃   3.987e-02  │   01:34 min  ┃      0.7717  │     77.34 %  ┃
┃         112  ┃      0.6075  │     85.33 %  │      0.3912  ┃   3.910e-02  │   01:34 min  ┃      0.7804  │     77.13 %  ┃
┃         113  ┃      0.6023  │     85.78 %  │      0.3928  ┃   3.834e-02  │   01:34 min  ┃      0.7609  │     77.48 %  ┃
┃         114  ┃      0.5995  │     85.65 %  │      0.3940  ┃   3.758e-02  │   01:34 min  ┃      0.7737  │     76.82 %  ┃
┃         115  ┃      0.5907  │     86.00 %  │      0.3939  ┃   3.682e-02  │   01:35 min  ┃      0.7628  │     77.33 %  ┃
┃         116  ┃      0.5880  │     85.97 %  │      0.3950  ┃   3.606e-02  │   01:34 min  ┃      0.7493  │     77.89 %  ┃
┃         117  ┃      0.5814  │     86.50 %  │      0.3947  ┃   3.531e-02  │   01:34 min  ┃      0.7557  │     77.64 %  ┃
┃         118  ┃      0.5779  │     86.39 %  │      0.3968  ┃   3.456e-02  │   01:34 min  ┃      0.7511  │     78.07 %  ┃
┃         119  ┃      0.5697  │     86.65 %  │      0.3953  ┃   3.382e-02  │   01:34 min  ┃      0.7405  │     77.86 %  ┃
┃         120  ┃      0.5693  │     86.73 %  │      0.3983  ┃   3.308e-02  │   01:35 min  ┃      0.7492  │     77.97 %  ┃
┃         121  ┃      0.5600  │     87.13 %  │      0.3968  ┃   3.234e-02  │   01:34 min  ┃      0.7271  │     79.08 %  ┃
┃         122  ┃      0.5568  │     87.26 %  │      0.3994  ┃   3.161e-02  │   01:35 min  ┃      0.7261  │     78.61 %  ┃
┃         123  ┃      0.5494  │     87.52 %  │      0.4000  ┃   3.088e-02  │   01:35 min  ┃      0.7391  │     78.09 %  ┃
┃         124  ┃      0.5465  │     87.65 %  │      0.3994  ┃   3.015e-02  │   01:34 min  ┃      0.7228  │     78.52 %  ┃
┃         125  ┃      0.5401  │     87.73 %  │      0.3965  ┃   2.944e-02  │   01:35 min  ┃      0.7148  │     79.13 %  ┃
┃         126  ┃      0.5365  │     87.91 %  │      0.4001  ┃   2.872e-02  │   01:34 min  ┃      0.7261  │     78.90 %  ┃
┃         127  ┃      0.5304  │     88.26 %  │      0.4001  ┃   2.802e-02  │   01:36 min  ┃      0.7164  │     79.46 %  ┃
┃         128  ┃      0.5243  │     88.30 %  │      0.3999  ┃   2.731e-02  │   01:35 min  ┃      0.7166  │     78.51 %  ┃
┃         129  ┃      0.5210  │     88.36 %  │      0.4001  ┃   2.662e-02  │   01:34 min  ┃      0.7123  │     79.01 %  ┃
┃         130  ┃      0.5165  │     88.50 %  │      0.4026  ┃   2.592e-02  │   01:34 min  ┃      0.7064  │     79.12 %  ┃
┃         131  ┃      0.5081  │     89.00 %  │      0.4024  ┃   2.524e-02  │   01:34 min  ┃      0.7110  │     79.12 %  ┃
┃         132  ┃      0.5053  │     88.94 %  │      0.4020  ┃   2.456e-02  │   01:34 min  ┃      0.6987  │     79.38 %  ┃
┃         133  ┃      0.5009  │     89.12 %  │      0.4014  ┃   2.389e-02  │   01:35 min  ┃      0.6997  │     79.41 %  ┃
┃         134  ┃      0.4954  │     89.49 %  │      0.4045  ┃   2.322e-02  │   01:34 min  ┃      0.7117  │     79.13 %  ┃
┃         135  ┃      0.4876  │     89.73 %  │      0.4051  ┃   2.256e-02  │   01:34 min  ┃      0.6981  │     79.55 %  ┃
┃         136  ┃      0.4844  │     89.76 %  │      0.4004  ┃   2.191e-02  │   01:35 min  ┃      0.6901  │     79.84 %  ┃
┃         137  ┃      0.4788  │     90.02 %  │      0.4040  ┃   2.126e-02  │   01:34 min  ┃      0.7027  │     79.42 %  ┃
┃         138  ┃      0.4736  │     90.00 %  │      0.4046  ┃   2.062e-02  │   01:35 min  ┃      0.6791  │     80.25 %  ┃
┃         139  ┃      0.4696  │     90.30 %  │      0.4086  ┃   1.999e-02  │   01:35 min  ┃      0.6796  │     80.31 %  ┃
┃         140  ┃      0.4619  │     90.53 %  │      0.4049  ┃   1.937e-02  │   01:35 min  ┃      0.6882  │     80.14 %  ┃
┃         141  ┃      0.4595  │     90.61 %  │      0.4047  ┃   1.875e-02  │   01:34 min  ┃      0.6797  │     80.38 %  ┃
┃         142  ┃      0.4539  │     90.74 %  │      0.4036  ┃   1.814e-02  │   01:35 min  ┃      0.6711  │     80.72 %  ┃
┃         143  ┃      0.4505  │     90.97 %  │      0.4057  ┃   1.754e-02  │   01:34 min  ┃      0.6716  │     80.49 %  ┃
┃         144  ┃      0.4419  │     91.46 %  │      0.4061  ┃   1.695e-02  │   01:34 min  ┃      0.6617  │     80.79 %  ┃
┃         145  ┃      0.4402  │     91.25 %  │      0.4085  ┃   1.636e-02  │   01:35 min  ┃      0.6695  │     80.57 %  ┃
┃         146  ┃      0.4333  │     91.58 %  │      0.4064  ┃   1.578e-02  │   01:34 min  ┃      0.6691  │     80.56 %  ┃
┃         147  ┃      0.4310  │     91.58 %  │      0.4096  ┃   1.522e-02  │   01:34 min  ┃      0.6643  │     80.91 %  ┃
┃         148  ┃      0.4246  │     91.78 %  │      0.4076  ┃   1.466e-02  │   01:34 min  ┃      0.6616  │     80.74 %  ┃
┃         149  ┃      0.4187  │     92.18 %  │      0.4067  ┃   1.411e-02  │   01:34 min  ┃      0.6597  │     80.73 %  ┃
┃         150  ┃      0.4133  │     92.10 %  │      0.4046  ┃   1.356e-02  │   01:34 min  ┃      0.6547  │     81.12 %  ┃
┃         151  ┃      0.4114  │     92.35 %  │      0.4054  ┃   1.303e-02  │   01:34 min  ┃      0.6555  │     80.86 %  ┃
┃         152  ┃      0.4049  │     92.45 %  │      0.4028  ┃   1.251e-02  │   01:34 min  ┃      0.6472  │     81.24 %  ┃
┃         153  ┃      0.4002  │     92.69 %  │      0.4047  ┃   1.199e-02  │   01:34 min  ┃      0.6512  │     81.26 %  ┃
┃         154  ┃      0.3967  │     92.69 %  │      0.4045  ┃   1.149e-02  │   01:34 min  ┃      0.6456  │     81.58 %  ┃
┃         155  ┃      0.3920  │     92.81 %  │      0.4057  ┃   1.099e-02  │   01:35 min  ┃      0.6494  │     81.23 %  ┃
┃         156  ┃      0.3869  │     92.99 %  │      0.4051  ┃   1.050e-02  │   01:35 min  ┃      0.6448  │     81.22 %  ┃
┃         157  ┃      0.3831  │     93.01 %  │      0.4074  ┃   1.003e-02  │   01:34 min  ┃      0.6427  │     81.71 %  ┃
┃         158  ┃      0.3790  │     93.30 %  │      0.4067  ┃   9.561e-03  │   01:34 min  ┃      0.6380  │     81.81 %  ┃
┃         159  ┃      0.3742  │     93.41 %  │      0.4068  ┃   9.104e-03  │   01:34 min  ┃      0.6437  │     81.36 %  ┃
┃         160  ┃      0.3721  │     93.49 %  │      0.4025  ┃   8.658e-03  │   01:34 min  ┃      0.6345  │     81.86 %  ┃
┃         161  ┃      0.3666  │     93.57 %  │      0.3984  ┃   8.221e-03  │   01:35 min  ┃      0.6315  │     81.74 %  ┃
┃         162  ┃      0.3616  │     93.76 %  │      0.3992  ┃   7.795e-03  │   01:35 min  ┃      0.6281  │     82.10 %  ┃
┃         163  ┃      0.3605  │     93.93 %  │      0.4027  ┃   7.380e-03  │   01:35 min  ┃      0.6303  │     81.52 %  ┃
┃         164  ┃      0.3550  │     93.92 %  │      0.3994  ┃   6.975e-03  │   01:34 min  ┃      0.6278  │     81.68 %  ┃
┃         165  ┃      0.3516  │     94.09 %  │      0.3998  ┃   6.580e-03  │   01:35 min  ┃      0.6235  │     81.83 %  ┃
┃         166  ┃      0.3481  │     94.21 %  │      0.4001  ┃   6.196e-03  │   01:34 min  ┃      0.6259  │     81.83 %  ┃
┃         167  ┃      0.3456  │     94.22 %  │      0.3947  ┃   5.823e-03  │   01:34 min  ┃      0.6217  │     81.83 %  ┃
┃         168  ┃      0.3416  │     94.35 %  │      0.3975  ┃   5.461e-03  │   01:34 min  ┃      0.6236  │     81.96 %  ┃
┃         169  ┃      0.3368  │     94.53 %  │      0.3944  ┃   5.110e-03  │   01:35 min  ┃      0.6175  │     82.40 %  ┃
┃         170  ┃      0.3356  │     94.48 %  │      0.3965  ┃   4.770e-03  │   01:34 min  ┃      0.6162  │     82.05 %  ┃
┃         171  ┃      0.3318  │     94.63 %  │      0.3941  ┃   4.441e-03  │   01:35 min  ┃      0.6194  │     82.06 %  ┃
┃         172  ┃      0.3292  │     94.68 %  │      0.3967  ┃   4.124e-03  │   01:34 min  ┃      0.6179  │     82.20 %  ┃
┃         173  ┃      0.3249  │     94.77 %  │      0.3953  ┃   3.817e-03  │   01:34 min  ┃      0.6195  │     82.10 %  ┃
┃         174  ┃      0.3239  │     94.82 %  │      0.3923  ┃   3.523e-03  │   01:34 min  ┃      0.6136  │     82.19 %  ┃
┃         175  ┃      0.3215  │     94.90 %  │      0.3921  ┃   3.239e-03  │   01:34 min  ┃      0.6136  │     82.17 %  ┃
┃         176  ┃      0.3190  │     94.90 %  │      0.3934  ┃   2.967e-03  │   01:34 min  ┃      0.6120  │     82.27 %  ┃
┃         177  ┃      0.3161  │     95.08 %  │      0.3902  ┃   2.707e-03  │   01:35 min  ┃      0.6119  │     82.55 %  ┃
┃         178  ┃      0.3145  │     95.12 %  │      0.3890  ┃   2.458e-03  │   01:34 min  ┃      0.6125  │     82.24 %  ┃
┃         179  ┃      0.3109  │     95.16 %  │      0.3892  ┃   2.222e-03  │   01:35 min  ┃      0.6090  │     82.32 %  ┃
┃         180  ┃      0.3090  │     95.24 %  │      0.3863  ┃   1.996e-03  │   01:34 min  ┃      0.6070  │     82.41 %  ┃
┃         181  ┃      0.3079  │     95.22 %  │      0.3862  ┃   1.783e-03  │   01:34 min  ┃      0.6076  │     82.51 %  ┃
┃         182  ┃      0.3064  │     95.32 %  │      0.3878  ┃   1.582e-03  │   01:35 min  ┃      0.6084  │     82.47 %  ┃
┃         183  ┃      0.3060  │     95.40 %  │      0.3844  ┃   1.392e-03  │   01:35 min  ┃      0.6072  │     82.44 %  ┃
┃         184  ┃      0.3035  │     95.36 %  │      0.3845  ┃   1.215e-03  │   01:34 min  ┃      0.6064  │     82.50 %  ┃
┃         185  ┃      0.3011  │     95.37 %  │      0.3788  ┃   1.050e-03  │   01:34 min  ┃      0.6066  │     82.31 %  ┃
┃         186  ┃      0.3008  │     95.49 %  │      0.3887  ┃   8.962e-04  │   01:34 min  ┃      0.6077  │     82.46 %  ┃
┃         187  ┃      0.2998  │     95.44 %  │      0.3833  ┃   7.550e-04  │   01:35 min  ┃      0.6068  │     82.26 %  ┃
┃         188  ┃      0.2985  │     95.45 %  │      0.3793  ┃   6.259e-04  │   01:35 min  ┃      0.6062  │     82.43 %  ┃
┃         189  ┃      0.2973  │     95.49 %  │      0.3789  ┃   5.090e-04  │   01:34 min  ┃      0.6044  │     82.65 %  ┃
┃         190  ┃      0.2977  │     95.53 %  │      0.3802  ┃   4.042e-04  │   01:34 min  ┃      0.6080  │     82.42 %  ┃
┃         191  ┃      0.2964  │     95.54 %  │      0.3751  ┃   3.116e-04  │   01:34 min  ┃      0.6065  │     82.42 %  ┃
┃         192  ┃      0.2944  │     95.58 %  │      0.3716  ┃   2.313e-04  │   01:34 min  ┃      0.6051  │     82.49 %  ┃
┃         193  ┃      0.2954  │     95.59 %  │      0.3765  ┃   1.631e-04  │   01:35 min  ┃      0.6056  │     82.47 %  ┃
┃         194  ┃      0.2947  │     95.62 %  │      0.3759  ┃   1.071e-04  │   01:33 min  ┃      0.6042  │     82.56 %  ┃
┃         195  ┃      0.2938  │     95.56 %  │      0.3779  ┃   6.316e-05  │   01:34 min  ┃      0.6047  │     82.51 %  ┃
┃         196  ┃      0.2941  │     95.57 %  │      0.3754  ┃   3.123e-05  │   01:34 min  ┃      0.6063  │     82.54 %  ┃
┃         197  ┃      0.2946  │     95.52 %  │      0.3764  ┃   1.097e-05  │   01:34 min  ┃      0.6046  │     82.67 %  ┃
┃         198  ┃      0.2943  │     95.57 %  │      0.3721  ┃   1.542e-06  │   01:34 min  ┃      0.6067  │     82.53 %  ┃
┃         199  ┃      0.2924  │     95.73 %  │      0.3760  ┃   0.000e+00  │   01:36 min  ┃      0.6062  │     82.41 %  ┃