┃           0  ┃      3.2514  │      9.99 %  │      0.0433  ┃   1.000e-01  │   01:01 min  ┃      2.9803  │     14.90 %  ┃
┃           1  ┃      2.6735  │     21.46 %  │      0.0533  ┃   1.000e-01  │   00:57 min  ┃      2.5473  │     23.56 %  ┃
┃           2  ┃      2.2307  │     32.00 %  │      0.0604  ┃   1.000e-01  │   00:57 min  ┃      2.2656  │     31.54 %  ┃
┃           3  ┃      1.9428  │     39.62 %  │      0.0643  ┃   1.000e-01  │   00:57 min  ┃      1.9729  │     39.20 %  ┃
┃           4  ┃      1.7512  │     45.12 %  │      0.0666  ┃   1.000e-01  │   00:57 min  ┃      1.9866  │     39.26 %  ┃
┃           5  ┃      1.6174  │     49.45 %  │      0.0689  ┃   1.000e-01  │   00:57 min  ┃      1.8804  │     41.20 %  ┃
┃           6  ┃      1.5321  │     52.10 %  │      0.0705  ┃   1.000e-01  │   00:57 min  ┃      1.6918  │     47.49 %  ┃
┃           7  ┃      1.4607  │     53.93 %  │      0.0716  ┃   1.000e-01  │   00:57 min  ┃      1.6780  │     47.99 %  ┃
┃           8  ┃      1.4091  │     55.74 %  │      0.0726  ┃   1.000e-01  │   00:57 min  ┃      1.8567  │     43.41 %  ┃
┃           9  ┃      1.3686  │     56.98 %  │      0.0736  ┃   1.000e-01  │   00:58 min  ┃      1.5705  │     50.56 %  ┃
┃          10  ┃      1.3270  │     58.40 %  │      0.0739  ┃   1.000e-01  │   00:57 min  ┃      1.6935  │     49.67 %  ┃
┃          11  ┃      1.3053  │     58.98 %  │      0.0743  ┃   1.000e-01  │   00:57 min  ┃      1.5856  │     51.10 %  ┃
┃          12  ┃      1.2727  │     59.93 %  │      0.0745  ┃   1.000e-01  │   00:57 min  ┃      1.5680  │     50.99 %  ┃
┃          13  ┃      1.2478  │     60.82 %  │      0.0749  ┃   1.000e-01  │   00:57 min  ┃      1.4856  │     53.46 %  ┃
┃          14  ┃      1.2226  │     61.86 %  │      0.0751  ┃   1.000e-01  │   00:57 min  ┃      1.4695  │     54.31 %  ┃
┃          15  ┃      1.1937  │     62.56 %  │      0.0755  ┃   1.000e-01  │   00:57 min  ┃      1.4916  │     54.15 %  ┃
┃          16  ┃      1.1876  │     63.03 %  │      0.0757  ┃   1.000e-01  │   00:57 min  ┃      1.4011  │     55.90 %  ┃
┃          17  ┃      1.1636  │     63.71 %  │      0.0755  ┃   1.000e-01  │   00:57 min  ┃      1.5253  │     52.95 %  ┃
┃          18  ┃      1.1458  │     64.51 %  │      0.0757  ┃   1.000e-01  │   00:57 min  ┃      1.3402  │     57.78 %  ┃
┃          19  ┃      1.1345  │     64.66 %  │      0.0763  ┃   1.000e-01  │   00:57 min  ┃      1.4736  │     53.71 %  ┃
┃          20  ┃      1.1239  │     65.05 %  │      0.0758  ┃   1.000e-01  │   00:57 min  ┃      1.4341  │     55.33 %  ┃
┃          21  ┃      1.1057  │     65.54 %  │      0.0760  ┃   1.000e-01  │   00:57 min  ┃      1.4656  │     55.86 %  ┃
┃          22  ┃      1.0965  │     65.87 %  │      0.0762  ┃   1.000e-01  │   00:57 min  ┃      1.4939  │     54.99 %  ┃
┃          23  ┃      1.0858  │     66.27 %  │      0.0761  ┃   1.000e-01  │   00:57 min  ┃      1.3548  │     58.89 %  ┃
┃          24  ┃      1.0791  │     66.23 %  │      0.0762  ┃   1.000e-01  │   00:57 min  ┃      1.3607  │     58.28 %  ┃
┃          25  ┃      1.0688  │     66.87 %  │      0.0763  ┃   1.000e-01  │   00:57 min  ┃      1.4847  │     54.86 %  ┃
┃          26  ┃      1.0584  │     67.30 %  │      0.0764  ┃   1.000e-01  │   00:58 min  ┃      1.4607  │     55.66 %  ┃
┃          27  ┃      1.0534  │     67.09 %  │      0.0764  ┃   1.000e-01  │   00:57 min  ┃      1.3557  │     57.27 %  ┃
┃          28  ┃      1.0467  │     67.94 %  │      0.0763  ┃   1.000e-01  │   00:57 min  ┃      1.3635  │     57.57 %  ┃
┃          29  ┃      1.0353  │     67.97 %  │      0.0759  ┃   1.000e-01  │   00:57 min  ┃      1.3795  │     57.30 %  ┃
┃          30  ┃      1.0353  │     67.93 %  │      0.0769  ┃   1.000e-01  │   00:57 min  ┃      1.4017  │     56.67 %  ┃
┃          31  ┃      1.0277  │     68.20 %  │      0.0766  ┃   1.000e-01  │   00:57 min  ┃      1.4072  │     58.26 %  ┃
┃          32  ┃      1.0281  │     68.44 %  │      0.0766  ┃   1.000e-01  │   00:57 min  ┃      1.4354  │     55.00 %  ┃
┃          33  ┃      1.0108  │     69.07 %  │      0.0763  ┃   1.000e-01  │   00:57 min  ┃      1.3217  │     60.18 %  ┃
┃          34  ┃      1.0154  │     68.84 %  │      0.0769  ┃   1.000e-01  │   00:57 min  ┃      1.4178  │     56.31 %  ┃
┃          35  ┃      1.0054  │     69.06 %  │      0.0763  ┃   1.000e-01  │   00:57 min  ┃      1.5362  │     55.22 %  ┃
┃          36  ┃      0.9983  │     69.17 %  │      0.0771  ┃   1.000e-01  │   00:57 min  ┃      1.3493  │     58.40 %  ┃
┃          37  ┃      0.9974  │     69.31 %  │      0.0769  ┃   1.000e-01  │   00:57 min  ┃      1.5424  │     54.65 %  ┃
┃          38  ┃      0.9968  │     69.02 %  │      0.0767  ┃   1.000e-01  │   00:58 min  ┃      1.3261  │     59.42 %  ┃                                                                              [107/1968]
┃          39  ┃      0.9868  │     69.58 %  │      0.0773  ┃   1.000e-01  │   00:57 min  ┃      1.3819  │     57.35 %  ┃
┃          40  ┃      0.9874  │     69.69 %  │      0.0770  ┃   1.000e-01  │   00:57 min  ┃      1.2534  │     61.38 %  ┃
┃          41  ┃      0.9840  │     69.78 %  │      0.0771  ┃   1.000e-01  │   00:57 min  ┃      1.2552  │     61.95 %  ┃
┃          42  ┃      0.9816  │     69.83 %  │      0.0765  ┃   1.000e-01  │   00:57 min  ┃      1.3023  │     59.00 %  ┃
┃          43  ┃      0.9766  │     69.95 %  │      0.0766  ┃   1.000e-01  │   00:57 min  ┃      1.4093  │     57.55 %  ┃
┃          44  ┃      0.9731  │     70.12 %  │      0.0770  ┃   1.000e-01  │   00:57 min  ┃      1.3272  │     59.32 %  ┃
┃          45  ┃      0.9723  │     69.96 %  │      0.0770  ┃   1.000e-01  │   00:58 min  ┃      1.3754  │     57.43 %  ┃
┃          46  ┃      0.9692  │     70.31 %  │      0.0769  ┃   1.000e-01  │   00:57 min  ┃      1.3797  │     57.49 %  ┃
┃          47  ┃      0.9642  │     70.40 %  │      0.0772  ┃   1.000e-01  │   00:57 min  ┃      1.3716  │     57.73 %  ┃
┃          48  ┃      0.9664  │     70.40 %  │      0.0773  ┃   1.000e-01  │   00:57 min  ┃      1.4219  │     57.76 %  ┃
┃          49  ┃      0.9644  │     70.42 %  │      0.0774  ┃   1.000e-01  │   00:57 min  ┃      1.2966  │     60.21 %  ┃
┃          50  ┃      0.9556  │     70.61 %  │      0.0767  ┃   1.000e-01  │   00:57 min  ┃      1.2590  │     60.96 %  ┃
┃          51  ┃      0.9586  │     70.44 %  │      0.0773  ┃   1.000e-01  │   00:57 min  ┃      1.2297  │     62.12 %  ┃
┃          52  ┃      0.9570  │     70.70 %  │      0.0775  ┃   1.000e-01  │   00:57 min  ┃      1.4971  │     55.58 %  ┃
┃          53  ┃      0.9562  │     70.58 %  │      0.0776  ┃   1.000e-01  │   00:57 min  ┃      1.2670  │     61.26 %  ┃
┃          54  ┃      0.9518  │     70.92 %  │      0.0768  ┃   1.000e-01  │   00:57 min  ┃      1.3256  │     59.71 %  ┃
┃          55  ┃      0.9473  │     71.01 %  │      0.0771  ┃   1.000e-01  │   00:57 min  ┃      1.2618  │     60.15 %  ┃
┃          56  ┃      0.9452  │     71.15 %  │      0.0774  ┃   1.000e-01  │   00:57 min  ┃      1.2788  │     60.93 %  ┃
┃          57  ┃      0.9442  │     71.10 %  │      0.0776  ┃   1.000e-01  │   00:57 min  ┃      1.3512  │     58.89 %  ┃
┃          58  ┃      0.9447  │     71.02 %  │      0.0774  ┃   1.000e-01  │   00:57 min  ┃      1.2961  │     60.38 %  ┃
┃          59  ┃      0.9467  │     70.90 %  │      0.0773  ┃   1.000e-01  │   00:57 min  ┃      1.3676  │     59.19 %  ┃
┃          60  ┃      0.6437  │     81.75 %  │      0.0656  ┃   2.000e-02  │   00:57 min  ┃      0.8004  │     76.23 %  ┃
┃          61  ┃      0.5587  │     84.59 %  │      0.0692  ┃   2.000e-02  │   00:57 min  ┃      0.7766  │     76.44 %  ┃
┃          62  ┃      0.5188  │     86.18 %  │      0.0733  ┃   2.000e-02  │   00:57 min  ┃      0.7913  │     76.40 %  ┃
┃          63  ┃      0.4950  │     87.01 %  │      0.0778  ┃   2.000e-02  │   00:57 min  ┃      0.7815  │     76.51 %  ┃
┃          64  ┃      0.4789  │     87.61 %  │      0.0822  ┃   2.000e-02  │   00:57 min  ┃      0.7864  │     76.23 %  ┃
┃          65  ┃      0.4664  │     87.88 %  │      0.0860  ┃   2.000e-02  │   00:57 min  ┃      0.7806  │     76.56 %  ┃
┃          66  ┃      0.4547  │     88.37 %  │      0.0892  ┃   2.000e-02  │   00:57 min  ┃      0.7915  │     76.32 %  ┃
┃          67  ┃      0.4462  │     88.65 %  │      0.0925  ┃   2.000e-02  │   00:57 min  ┃      0.7969  │     75.59 %  ┃
┃          68  ┃      0.4426  │     88.78 %  │      0.0952  ┃   2.000e-02  │   00:57 min  ┃      0.8115  │     75.39 %  ┃
┃          69  ┃      0.4416  │     88.88 %  │      0.0983  ┃   2.000e-02  │   00:57 min  ┃      0.8281  │     75.07 %  ┃
┃          70  ┃      0.4350  │     89.03 %  │      0.1008  ┃   2.000e-02  │   00:57 min  ┃      0.8547  │     74.59 %  ┃
┃          71  ┃      0.4343  │     88.96 %  │      0.1026  ┃   2.000e-02  │   00:57 min  ┃      0.8407  │     74.87 %  ┃
┃          72  ┃      0.4366  │     89.05 %  │      0.1051  ┃   2.000e-02  │   00:58 min  ┃      0.8184  │     74.99 %  ┃
┃          73  ┃      0.4312  │     89.23 %  │      0.1060  ┃   2.000e-02  │   00:57 min  ┃      0.8291  │     74.74 %  ┃
┃          74  ┃      0.4281  │     89.40 %  │      0.1072  ┃   2.000e-02  │   00:57 min  ┃      0.8448  │     74.41 %  ┃
┃          75  ┃      0.4288  │     89.23 %  │      0.1084  ┃   2.000e-02  │   00:57 min  ┃      0.8093  │     75.77 %  ┃
┃          76  ┃      0.4245  │     89.42 %  │      0.1093  ┃   2.000e-02  │   00:57 min  ┃      0.8513  │     73.92 %  ┃
┃          77  ┃      0.4213  │     89.61 %  │      0.1100  ┃   2.000e-02  │   00:57 min  ┃      0.8843  │     73.37 %  ┃
┃          78  ┃      0.4204  │     89.58 %  │      0.1112  ┃   2.000e-02  │   00:57 min  ┃      0.8511  │     74.93 %  ┃
┃          79  ┃      0.4155  │     89.77 %  │      0.1122  ┃   2.000e-02  │   00:57 min  ┃      0.8687  │     73.49 %  ┃
┃          80  ┃      0.4114  │     89.96 %  │      0.1120  ┃   2.000e-02  │   00:57 min  ┃      0.8302  │     75.39 %  ┃
┃          81  ┃      0.4137  │     89.83 %  │      0.1134  ┃   2.000e-02  │   00:57 min  ┃      0.8326  │     74.86 %  ┃
┃          82  ┃      0.4072  │     90.07 %  │      0.1128  ┃   2.000e-02  │   00:57 min  ┃      0.8713  │     74.29 %  ┃
┃          83  ┃      0.4024  │     90.28 %  │      0.1131  ┃   2.000e-02  │   00:57 min  ┃      0.8561  │     74.10 %  ┃
┃          84  ┃      0.4061  │     90.06 %  │      0.1148  ┃   2.000e-02  │   00:57 min  ┃      0.8461  │     74.66 %  ┃
┃          85  ┃      0.4020  │     90.18 %  │      0.1147  ┃   2.000e-02  │   00:57 min  ┃      0.8912  │     73.12 %  ┃
┃          86  ┃      0.3935  │     90.65 %  │      0.1139  ┃   2.000e-02  │   00:57 min  ┃      0.8533  │     74.12 %  ┃
┃          87  ┃      0.3958  │     90.58 %  │      0.1147  ┃   2.000e-02  │   00:57 min  ┃      0.8561  │     74.26 %  ┃
┃          88  ┃      0.3907  │     90.86 %  │      0.1149  ┃   2.000e-02  │   00:57 min  ┃      0.8894  │     73.04 %  ┃
┃          89  ┃      0.3872  │     90.76 %  │      0.1150  ┃   2.000e-02  │   00:57 min  ┃      0.8971  │     73.23 %  ┃
┃          90  ┃      0.3905  │     90.68 %  │      0.1163  ┃   2.000e-02  │   00:57 min  ┃      0.8834  │     73.75 %  ┃                                                                               [55/1968]
┃          91  ┃      0.3889  │     90.61 %  │      0.1160  ┃   2.000e-02  │   00:57 min  ┃      0.8599  │     74.53 %  ┃
┃          92  ┃      0.3795  │     90.91 %  │      0.1149  ┃   2.000e-02  │   00:57 min  ┃      0.8502  │     74.30 %  ┃
┃          93  ┃      0.3843  │     90.78 %  │      0.1163  ┃   2.000e-02  │   00:57 min  ┃      0.8464  │     74.97 %  ┃
┃          94  ┃      0.3752  │     91.36 %  │      0.1150  ┃   2.000e-02  │   00:57 min  ┃      0.8613  │     74.51 %  ┃
┃          95  ┃      0.3753  │     91.14 %  │      0.1160  ┃   2.000e-02  │   00:57 min  ┃      0.8475  │     74.69 %  ┃
┃          96  ┃      0.3735  │     91.41 %  │      0.1156  ┃   2.000e-02  │   00:57 min  ┃      0.9232  │     72.95 %  ┃
┃          97  ┃      0.3739  │     91.33 %  │      0.1162  ┃   2.000e-02  │   00:58 min  ┃      0.8485  │     74.69 %  ┃
┃          98  ┃      0.3679  │     91.37 %  │      0.1158  ┃   2.000e-02  │   00:57 min  ┃      0.8567  │     74.28 %  ┃
┃          99  ┃      0.3694  │     91.43 %  │      0.1162  ┃   2.000e-02  │   00:57 min  ┃      0.8684  │     73.83 %  ┃
┃         100  ┃      0.3628  │     91.59 %  │      0.1156  ┃   2.000e-02  │   00:57 min  ┃      0.8829  │     73.41 %  ┃
┃         101  ┃      0.3674  │     91.51 %  │      0.1172  ┃   2.000e-02  │   00:57 min  ┃      0.8438  │     75.07 %  ┃
┃         102  ┃      0.3600  │     91.75 %  │      0.1156  ┃   2.000e-02  │   00:57 min  ┃      0.8439  │     74.92 %  ┃
┃         103  ┃      0.3608  │     91.60 %  │      0.1165  ┃   2.000e-02  │   00:57 min  ┃      0.9001  │     72.86 %  ┃
┃         104  ┃      0.3599  │     91.79 %  │      0.1161  ┃   2.000e-02  │   00:57 min  ┃      0.8261  │     75.30 %  ┃
┃         105  ┃      0.3548  │     91.99 %  │      0.1161  ┃   2.000e-02  │   00:57 min  ┃      0.8778  │     73.61 %  ┃
┃         106  ┃      0.3558  │     92.01 %  │      0.1167  ┃   2.000e-02  │   00:57 min  ┃      0.8668  │     74.44 %  ┃
┃         107  ┃      0.3551  │     91.95 %  │      0.1170  ┃   2.000e-02  │   00:57 min  ┃      0.8308  │     75.40 %  ┃
┃         108  ┃      0.3506  │     92.03 %  │      0.1168  ┃   2.000e-02  │   00:57 min  ┃      0.8864  │     73.28 %  ┃
┃         109  ┃      0.3542  │     91.83 %  │      0.1177  ┃   2.000e-02  │   00:57 min  ┃      0.8858  │     73.46 %  ┃
┃         110  ┃      0.3454  │     92.34 %  │      0.1164  ┃   2.000e-02  │   00:57 min  ┃      0.8622  │     74.81 %  ┃
┃         111  ┃      0.3449  │     92.32 %  │      0.1160  ┃   2.000e-02  │   00:57 min  ┃      0.8543  │     74.56 %  ┃
┃         112  ┃      0.3447  │     92.17 %  │      0.1171  ┃   2.000e-02  │   00:57 min  ┃      0.9051  │     73.54 %  ┃
┃         113  ┃      0.3435  │     92.39 %  │      0.1169  ┃   2.000e-02  │   00:57 min  ┃      0.8210  │     75.18 %  ┃
┃         114  ┃      0.3470  │     92.25 %  │      0.1176  ┃   2.000e-02  │   00:57 min  ┃      0.9434  │     72.12 %  ┃
┃         115  ┃      0.3424  │     92.34 %  │      0.1173  ┃   2.000e-02  │   00:57 min  ┃      0.8163  │     75.23 %  ┃
┃         116  ┃      0.3376  │     92.59 %  │      0.1162  ┃   2.000e-02  │   00:57 min  ┃      0.8281  │     74.91 %  ┃
┃         117  ┃      0.3385  │     92.52 %  │      0.1167  ┃   2.000e-02  │   00:57 min  ┃      0.8460  │     74.24 %  ┃
┃         118  ┃      0.3363  │     92.64 %  │      0.1169  ┃   2.000e-02  │   00:57 min  ┃      0.9289  │     72.57 %  ┃
┃         119  ┃      0.3348  │     92.62 %  │      0.1170  ┃   2.000e-02  │   00:57 min  ┃      0.8640  │     74.55 %  ┃
┃         120  ┃      0.2157  │     96.82 %  │      0.0866  ┃   4.000e-03  │   00:57 min  ┃      0.6645  │     80.19 %  ┃
┃         121  ┃      0.1714  │     98.23 %  │      0.0766  ┃   4.000e-03  │   00:57 min  ┃      0.6677  │     80.48 %  ┃
┃         122  ┃      0.1570  │     98.57 %  │      0.0749  ┃   4.000e-03  │   00:57 min  ┃      0.6685  │     80.17 %  ┃
┃         123  ┃      0.1473  │     98.76 %  │      0.0738  ┃   4.000e-03  │   00:57 min  ┃      0.6597  │     80.47 %  ┃
┃         124  ┃      0.1411  │     98.94 %  │      0.0731  ┃   4.000e-03  │   00:57 min  ┃      0.6624  │     80.61 %  ┃
┃         125  ┃      0.1355  │     99.02 %  │      0.0733  ┃   4.000e-03  │   00:57 min  ┃      0.6610  │     80.35 %  ┃
┃         126  ┃      0.1309  │     99.13 %  │      0.0730  ┃   4.000e-03  │   00:57 min  ┃      0.6567  │     80.41 %  ┃
┃         127  ┃      0.1272  │     99.20 %  │      0.0735  ┃   4.000e-03  │   00:57 min  ┃      0.6631  │     80.45 %  ┃
┃         128  ┃      0.1255  │     99.20 %  │      0.0747  ┃   4.000e-03  │   00:57 min  ┃      0.6592  │     80.52 %  ┃
┃         129  ┃      0.1204  │     99.30 %  │      0.0737  ┃   4.000e-03  │   00:57 min  ┃      0.6605  │     80.37 %  ┃
┃         130  ┃      0.1184  │     99.32 %  │      0.0736  ┃   4.000e-03  │   00:57 min  ┃      0.6616  │     80.51 %  ┃
┃         131  ┃      0.1161  │     99.36 %  │      0.0748  ┃   4.000e-03  │   00:57 min  ┃      0.6626  │     80.26 %  ┃
┃         132  ┃      0.1136  │     99.41 %  │      0.0743  ┃   4.000e-03  │   00:57 min  ┃      0.6680  │     80.11 %  ┃
┃         133  ┃      0.1123  │     99.44 %  │      0.0754  ┃   4.000e-03  │   00:57 min  ┃      0.6638  │     80.12 %  ┃
┃         134  ┃      0.1108  │     99.46 %  │      0.0756  ┃   4.000e-03  │   00:57 min  ┃      0.6646  │     80.16 %  ┃
┃         135  ┃      0.1102  │     99.45 %  │      0.0772  ┃   4.000e-03  │   00:57 min  ┃      0.6591  │     80.25 %  ┃
┃         136  ┃      0.1078  │     99.52 %  │      0.0767  ┃   4.000e-03  │   00:57 min  ┃      0.6622  │     80.27 %  ┃
┃         137  ┃      0.1066  │     99.53 %  │      0.0764  ┃   4.000e-03  │   00:57 min  ┃      0.6600  │     80.38 %  ┃
┃         138  ┃      0.1054  │     99.53 %  │      0.0771  ┃   4.000e-03  │   00:57 min  ┃      0.6596  │     80.38 %  ┃
┃         139  ┃      0.1058  │     99.54 %  │      0.0790  ┃   4.000e-03  │   00:57 min  ┃      0.6616  │     80.55 %  ┃
┃         140  ┃      0.1038  │     99.61 %  │      0.0795  ┃   4.000e-03  │   00:57 min  ┃      0.6640  │     80.32 %  ┃
┃         141  ┃      0.1020  │     99.59 %  │      0.0785  ┃   4.000e-03  │   00:57 min  ┃      0.6682  │     80.10 %  ┃
┃         142  ┃      0.1014  │     99.63 %  │      0.0799  ┃   4.000e-03  │   00:57 min  ┃      0.6622  │     80.68 %  ┃
┃         143  ┃      0.1012  │     99.61 %  │      0.0804  ┃   4.000e-03  │   00:57 min  ┃      0.6665  │     80.16 %  ┃
┃         144  ┃      0.1018  │     99.60 %  │      0.0822  ┃   4.000e-03  │   00:57 min  ┃      0.6742  │     80.00 %  ┃
┃         145  ┃      0.1002  │     99.63 %  │      0.0815  ┃   4.000e-03  │   00:57 min  ┃      0.6753  │     80.02 %  ┃
┃         146  ┃      0.1002  │     99.60 %  │      0.0831  ┃   4.000e-03  │   00:57 min  ┃      0.6752  │     79.84 %  ┃
┃         147  ┃      0.0988  │     99.63 %  │      0.0835  ┃   4.000e-03  │   00:57 min  ┃      0.6734  │     80.00 %  ┃
┃         148  ┃      0.0985  │     99.66 %  │      0.0841  ┃   4.000e-03  │   00:57 min  ┃      0.6738  │     79.98 %  ┃
┃         149  ┃      0.0982  │     99.61 %  │      0.0841  ┃   4.000e-03  │   00:57 min  ┃      0.6640  │     79.98 %  ┃
┃         150  ┃      0.0973  │     99.67 %  │      0.0840  ┃   4.000e-03  │   00:57 min  ┃      0.6676  │     80.01 %  ┃
┃         151  ┃      0.0978  │     99.64 %  │      0.0873  ┃   4.000e-03  │   00:57 min  ┃      0.6728  │     79.84 %  ┃
┃         152  ┃      0.0971  │     99.68 %  │      0.0868  ┃   4.000e-03  │   00:57 min  ┃      0.6697  │     80.04 %  ┃
┃         153  ┃      0.0955  │     99.71 %  │      0.0862  ┃   4.000e-03  │   00:57 min  ┃      0.6693  │     79.70 %  ┃
┃         154  ┃      0.0961  │     99.69 %  │      0.0878  ┃   4.000e-03  │   00:57 min  ┃      0.6738  │     79.79 %  ┃
┃         155  ┃      0.0967  │     99.63 %  │      0.0890  ┃   4.000e-03  │   00:57 min  ┃      0.6706  │     79.99 %  ┃
┃         156  ┃      0.0956  │     99.65 %  │      0.0885  ┃   4.000e-03  │   00:57 min  ┃      0.6752  │     79.72 %  ┃
┃         157  ┃      0.0949  │     99.71 %  │      0.0884  ┃   4.000e-03  │   00:57 min  ┃      0.6766  │     79.42 %  ┃
┃         158  ┃      0.0941  │     99.70 %  │      0.0900  ┃   4.000e-03  │   00:57 min  ┃      0.6730  │     79.75 %  ┃
┃         159  ┃      0.0944  │     99.70 %  │      0.0907  ┃   4.000e-03  │   00:57 min  ┃      0.6663  │     80.09 %  ┃
┃         160  ┃      0.0832  │     99.82 %  │      0.0779  ┃   8.000e-04  │   00:57 min  ┃      0.6496  │     80.75 %  ┃
┃         161  ┃      0.0773  │     99.86 %  │      0.0715  ┃   8.000e-04  │   00:57 min  ┃      0.6418  │     80.83 %  ┃
┃         162  ┃      0.0759  │     99.87 %  │      0.0708  ┃   8.000e-04  │   00:57 min  ┃      0.6460  │     80.60 %  ┃
┃         163  ┃      0.0740  │     99.88 %  │      0.0703  ┃   8.000e-04  │   00:57 min  ┃      0.6456  │     80.60 %  ┃
┃         164  ┃      0.0741  │     99.87 %  │      0.0703  ┃   8.000e-04  │   00:57 min  ┃      0.6413  │     80.79 %  ┃
┃         165  ┃      0.0726  │     99.87 %  │      0.0695  ┃   8.000e-04  │   00:57 min  ┃      0.6449  │     80.72 %  ┃
┃         166  ┃      0.0720  │     99.89 %  │      0.0695  ┃   8.000e-04  │   00:57 min  ┃      0.6481  │     80.51 %  ┃
┃         167  ┃      0.0713  │     99.88 %  │      0.0685  ┃   8.000e-04  │   00:57 min  ┃      0.6466  │     80.62 %  ┃
┃         168  ┃      0.0714  │     99.85 %  │      0.0702  ┃   8.000e-04  │   00:57 min  ┃      0.6463  │     80.67 %  ┃
┃         169  ┃      0.0705  │     99.91 %  │      0.0696  ┃   8.000e-04  │   00:57 min  ┃      0.6471  │     80.59 %  ┃
┃         170  ┃      0.0698  │     99.90 %  │      0.0688  ┃   8.000e-04  │   00:57 min  ┃      0.6447  │     80.69 %  ┃
┃         171  ┃      0.0694  │     99.90 %  │      0.0686  ┃   8.000e-04  │   00:57 min  ┃      0.6484  │     80.74 %  ┃
┃         172  ┃      0.0688  │     99.91 %  │      0.0687  ┃   8.000e-04  │   00:57 min  ┃      0.6453  │     80.82 %  ┃
┃         173  ┃      0.0682  │     99.89 %  │      0.0681  ┃   8.000e-04  │   00:57 min  ┃      0.6466  │     80.80 %  ┃
┃         174  ┃      0.0682  │     99.91 %  │      0.0688  ┃   8.000e-04  │   00:57 min  ┃      0.6441  │     80.78 %  ┃
┃         175  ┃      0.0682  │     99.90 %  │      0.0690  ┃   8.000e-04  │   00:57 min  ┃      0.6461  │     80.72 %  ┃
┃         176  ┃      0.0680  │     99.89 %  │      0.0691  ┃   8.000e-04  │   00:57 min  ┃      0.6462  │     80.62 %  ┃
┃         177  ┃      0.0676  │     99.91 %  │      0.0692  ┃   8.000e-04  │   00:57 min  ┃      0.6427  │     80.84 %  ┃
┃         178  ┃      0.0677  │     99.92 %  │      0.0692  ┃   8.000e-04  │   00:57 min  ┃      0.6443  │     80.52 %  ┃
┃         179  ┃      0.0674  │     99.89 %  │      0.0693  ┃   8.000e-04  │   00:57 min  ┃      0.6466  │     80.72 %  ┃
┃         180  ┃      0.0663  │     99.90 %  │      0.0684  ┃   8.000e-04  │   00:57 min  ┃      0.6470  │     80.62 %  ┃
┃         181  ┃      0.0664  │     99.92 %  │      0.0696  ┃   8.000e-04  │   00:57 min  ┃      0.6443  │     80.77 %  ┃
┃         182  ┃      0.0656  │     99.92 %  │      0.0685  ┃   8.000e-04  │   00:57 min  ┃      0.6437  │     80.76 %  ┃
┃         183  ┃      0.0659  │     99.89 %  │      0.0690  ┃   8.000e-04  │   00:57 min  ┃      0.6411  │     80.82 %  ┃
┃         184  ┃      0.0658  │     99.92 %  │      0.0690  ┃   8.000e-04  │   00:57 min  ┃      0.6464  │     80.84 %  ┃
┃         185  ┃      0.0651  │     99.93 %  │      0.0692  ┃   8.000e-04  │   00:57 min  ┃      0.6464  │     80.66 %  ┃
┃         186  ┃      0.0654  │     99.91 %  │      0.0696  ┃   8.000e-04  │   00:57 min  ┃      0.6430  │     80.70 %  ┃
┃         187  ┃      0.0657  │     99.91 %  │      0.0700  ┃   8.000e-04  │   00:57 min  ┃      0.6470  │     80.76 %  ┃
┃         188  ┃      0.0648  │     99.91 %  │      0.0696  ┃   8.000e-04  │   00:57 min  ┃      0.6429  │     80.69 %  ┃
┃         189  ┃      0.0644  │     99.92 %  │      0.0688  ┃   8.000e-04  │   00:57 min  ┃      0.6434  │     80.83 %  ┃
┃         190  ┃      0.0646  │     99.93 %  │      0.0696  ┃   8.000e-04  │   00:57 min  ┃      0.6436  │     80.65 %  ┃
┃         191  ┃      0.0641  │     99.91 %  │      0.0692  ┃   8.000e-04  │   00:57 min  ┃      0.6468  │     80.86 %  ┃
┃         192  ┃      0.0647  │     99.92 %  │      0.0701  ┃   8.000e-04  │   00:57 min  ┃      0.6453  │     80.71 %  ┃
┃         193  ┃      0.0644  │     99.91 %  │      0.0701  ┃   8.000e-04  │   00:57 min  ┃      0.6444  │     80.83 %  ┃
┃         194  ┃      0.0636  │     99.93 %  │      0.0692  ┃   8.000e-04  │   00:57 min  ┃      0.6470  │     80.71 %  ┃
┃         195  ┃      0.0637  │     99.92 %  │      0.0696  ┃   8.000e-04  │   00:57 min  ┃      0.6457  │     80.63 %  ┃
┃         196  ┃      0.0637  │     99.91 %  │      0.0698  ┃   8.000e-04  │   00:57 min  ┃      0.6450  │     80.75 %  ┃
┃         197  ┃      0.0634  │     99.92 %  │      0.0695  ┃   8.000e-04  │   00:57 min  ┃      0.6431  │     80.79 %  ┃
┃         198  ┃      0.0633  │     99.92 %  │      0.0695  ┃   8.000e-04  │   00:57 min  ┃      0.6462  │     80.75 %  ┃
┃         199  ┃      0.0627  │     99.93 %  │      0.0706  ┃   8.000e-04  │   00:57 min  ┃      0.6482  │     80.81 %  ┃