┃           0  ┃      3.5477  │      4.36 %  │      0.1433  ┃   9.999e-02  │   01:22 min  ┃      3.3355  │      7.00 %  ┃
┃           1  ┃      3.2447  │      8.79 %  │      0.1612  ┃   9.996e-02  │   01:18 min  ┃      3.1238  │     10.99 %  ┃
┃           2  ┃      3.0532  │     12.80 %  │      0.1868  ┃   9.991e-02  │   01:18 min  ┃      2.9457  │     15.22 %  ┃
┃           3  ┃      2.8416  │     17.74 %  │      0.2200  ┃   9.986e-02  │   01:18 min  ┃      2.6480  │     21.60 %  ┃
┃           4  ┃      2.5484  │     24.68 %  │      0.2552  ┃   9.979e-02  │   01:18 min  ┃      2.3493  │     28.32 %  ┃
┃           5  ┃      2.2226  │     32.90 %  │      0.2809  ┃   9.971e-02  │   01:18 min  ┃      2.0518  │     36.14 %  ┃
┃           6  ┃      1.9680  │     39.72 %  │      0.2912  ┃   9.962e-02  │   01:18 min  ┃      1.8822  │     40.96 %  ┃
┃           7  ┃      1.7618  │     45.63 %  │      0.3048  ┃   9.951e-02  │   01:18 min  ┃      1.7068  │     46.10 %  ┃
┃           8  ┃      1.6139  │     50.30 %  │      0.3116  ┃   9.940e-02  │   01:18 min  ┃      1.5201  │     52.72 %  ┃
┃           9  ┃      1.4915  │     53.94 %  │      0.3273  ┃   9.927e-02  │   01:18 min  ┃      1.4948  │     52.58 %  ┃
┃          10  ┃      1.3953  │     57.12 %  │      0.3347  ┃   9.913e-02  │   01:18 min  ┃      1.4227  │     55.36 %  ┃
┃          11  ┃      1.3191  │     59.54 %  │      0.3420  ┃   9.897e-02  │   01:18 min  ┃      1.3590  │     57.31 %  ┃
┃          12  ┃      1.2488  │     61.80 %  │      0.3460  ┃   9.881e-02  │   01:18 min  ┃      1.2715  │     59.48 %  ┃
┃          13  ┃      1.1934  │     63.65 %  │      0.3543  ┃   9.863e-02  │   01:18 min  ┃      1.2939  │     59.33 %  ┃
┃          14  ┃      1.1397  │     65.35 %  │      0.3567  ┃   9.844e-02  │   01:18 min  ┃      1.1972  │     62.68 %  ┃
┃          15  ┃      1.0976  │     67.03 %  │      0.3579  ┃   9.824e-02  │   01:18 min  ┃      1.1923  │     62.75 %  ┃
┃          16  ┃      1.0590  │     68.05 %  │      0.3639  ┃   9.803e-02  │   01:18 min  ┃      1.1355  │     64.50 %  ┃
┃          17  ┃      1.0193  │     69.34 %  │      0.3635  ┃   9.780e-02  │   01:18 min  ┃      1.1310  │     64.13 %  ┃
┃          18  ┃      0.9917  │     70.55 %  │      0.3670  ┃   9.757e-02  │   01:18 min  ┃      1.0849  │     66.30 %  ┃
┃          19  ┃      0.9606  │     71.39 %  │      0.3721  ┃   9.732e-02  │   01:18 min  ┃      1.0946  │     65.23 %  ┃
┃          20  ┃      0.9349  │     72.22 %  │      0.3727  ┃   9.706e-02  │   01:18 min  ┃      1.0375  │     67.66 %  ┃
┃          21  ┃      0.9076  │     73.26 %  │      0.3753  ┃   9.678e-02  │   01:18 min  ┃      1.0871  │     65.71 %  ┃
┃          22  ┃      0.8878  │     73.98 %  │      0.3745  ┃   9.650e-02  │   01:18 min  ┃      1.0316  │     67.41 %  ┃
┃          23  ┃      0.8615  │     74.85 %  │      0.3772  ┃   9.621e-02  │   01:18 min  ┃      1.0431  │     67.03 %  ┃
┃          24  ┃      0.8506  │     75.12 %  │      0.3794  ┃   9.590e-02  │   01:18 min  ┃      0.9681  │     69.27 %  ┃
┃          25  ┃      0.8328  │     75.90 %  │      0.3810  ┃   9.558e-02  │   01:18 min  ┃      0.9875  │     68.72 %  ┃
┃          26  ┃      0.8168  │     76.26 %  │      0.3806  ┃   9.525e-02  │   01:18 min  ┃      0.9731  │     69.17 %  ┃
┃          27  ┃      0.7977  │     77.02 %  │      0.3816  ┃   9.491e-02  │   01:18 min  ┃      0.9453  │     69.83 %  ┃
┃          28  ┃      0.7830  │     77.23 %  │      0.3810  ┃   9.456e-02  │   01:18 min  ┃      0.9683  │     69.02 %  ┃
┃          29  ┃      0.7732  │     77.73 %  │      0.3845  ┃   9.420e-02  │   01:18 min  ┃      0.9571  │     69.78 %  ┃
┃          30  ┃      0.7534  │     78.59 %  │      0.3868  ┃   9.383e-02  │   01:18 min  ┃      0.9078  │     71.47 %  ┃
┃          31  ┃      0.7413  │     78.91 %  │      0.3882  ┃   9.344e-02  │   01:18 min  ┃      0.9046  │     71.45 %  ┃
┃          32  ┃      0.7301  │     79.29 %  │      0.3910  ┃   9.305e-02  │   01:18 min  ┃      0.8981  │     71.67 %  ┃
┃          33  ┃      0.7165  │     79.79 %  │      0.3882  ┃   9.264e-02  │   01:18 min  ┃      0.8931  │     71.84 %  ┃
┃          34  ┃      0.7095  │     79.77 %  │      0.3936  ┃   9.223e-02  │   01:18 min  ┃      0.8925  │     71.54 %  ┃
┃          35  ┃      0.6966  │     80.49 %  │      0.3906  ┃   9.180e-02  │   01:18 min  ┃      0.9009  │     71.65 %  ┃
┃          36  ┃      0.6920  │     80.50 %  │      0.3911  ┃   9.137e-02  │   01:18 min  ┃      0.8724  │     72.62 %  ┃
┃          37  ┃      0.6793  │     81.09 %  │      0.3952  ┃   9.092e-02  │   01:18 min  ┃      0.8785  │     72.26 %  ┃
┃          38  ┃      0.6691  │     81.34 %  │      0.3925  ┃   9.046e-02  │   01:18 min  ┃      0.8598  │     72.59 %  ┃
┃          39  ┃      0.6647  │     81.49 %  │      0.3940  ┃   9.000e-02  │   01:18 min  ┃      0.8772  │     71.76 %  ┃
┃          40  ┃      0.6534  │     81.78 %  │      0.3959  ┃   8.952e-02  │   01:18 min  ┃      0.8658  │     72.54 %  ┃
┃          41  ┃      0.6422  │     82.44 %  │      0.3938  ┃   8.903e-02  │   01:18 min  ┃      0.8918  │     72.07 %  ┃
┃          42  ┃      0.6356  │     82.48 %  │      0.3942  ┃   8.854e-02  │   01:18 min  ┃      0.8500  │     72.54 %  ┃
┃          43  ┃      0.6293  │     82.63 %  │      0.3992  ┃   8.803e-02  │   01:18 min  ┃      0.8283  │     73.90 %  ┃
┃          44  ┃      0.6229  │     83.14 %  │      0.4001  ┃   8.752e-02  │   01:18 min  ┃      0.8429  │     73.34 %  ┃                                                                              [102/1866]
┃          45  ┃      0.6112  │     83.46 %  │      0.3981  ┃   8.699e-02  │   01:18 min  ┃      0.8617  │     72.61 %  ┃
┃          46  ┃      0.6065  │     83.43 %  │      0.4006  ┃   8.646e-02  │   01:18 min  ┃      0.8248  │     73.52 %  ┃
┃          47  ┃      0.5983  │     83.92 %  │      0.4014  ┃   8.592e-02  │   01:18 min  ┃      0.8395  │     73.56 %  ┃
┃          48  ┃      0.5900  │     83.95 %  │      0.4002  ┃   8.537e-02  │   01:18 min  ┃      0.8069  │     74.39 %  ┃
┃          49  ┃      0.5827  │     84.55 %  │      0.3992  ┃   8.481e-02  │   01:18 min  ┃      0.8249  │     73.83 %  ┃
┃          50  ┃      0.5759  │     84.54 %  │      0.4007  ┃   8.424e-02  │   01:18 min  ┃      0.7784  │     75.56 %  ┃
┃          51  ┃      0.5689  │     84.73 %  │      0.4003  ┃   8.366e-02  │   01:18 min  ┃      0.8245  │     73.62 %  ┃
┃          52  ┃      0.5621  │     85.06 %  │      0.4024  ┃   8.308e-02  │   01:18 min  ┃      0.8050  │     74.53 %  ┃
┃          53  ┃      0.5566  │     85.24 %  │      0.4037  ┃   8.248e-02  │   01:18 min  ┃      0.8013  │     74.26 %  ┃
┃          54  ┃      0.5438  │     85.79 %  │      0.4017  ┃   8.188e-02  │   01:18 min  ┃      0.8136  │     73.93 %  ┃
┃          55  ┃      0.5411  │     85.83 %  │      0.4034  ┃   8.127e-02  │   01:18 min  ┃      0.7986  │     74.50 %  ┃
┃          56  ┃      0.5311  │     86.23 %  │      0.4045  ┃   8.066e-02  │   01:18 min  ┃      0.7950  │     74.54 %  ┃
┃          57  ┃      0.5315  │     86.25 %  │      0.4054  ┃   8.003e-02  │   01:18 min  ┃      0.7740  │     75.38 %  ┃
┃          58  ┃      0.5215  │     86.59 %  │      0.4057  ┃   7.940e-02  │   01:18 min  ┃      0.7674  │     75.83 %  ┃
┃          59  ┃      0.5150  │     86.83 %  │      0.4041  ┃   7.876e-02  │   01:18 min  ┃      0.7763  │     75.07 %  ┃
┃          60  ┃      0.5064  │     87.10 %  │      0.4085  ┃   7.812e-02  │   01:18 min  ┃      0.7748  │     75.19 %  ┃
┃          61  ┃      0.5049  │     87.13 %  │      0.4082  ┃   7.746e-02  │   01:18 min  ┃      0.8041  │     74.72 %  ┃
┃          62  ┃      0.4961  │     87.40 %  │      0.4050  ┃   7.680e-02  │   01:18 min  ┃      0.7701  │     75.79 %  ┃
┃          63  ┃      0.4893  │     87.59 %  │      0.4045  ┃   7.614e-02  │   01:18 min  ┃      0.7429  │     76.61 %  ┃
┃          64  ┃      0.4815  │     87.94 %  │      0.4059  ┃   7.546e-02  │   01:18 min  ┃      0.7777  │     75.42 %  ┃
┃          65  ┃      0.4757  │     88.35 %  │      0.4082  ┃   7.479e-02  │   01:18 min  ┃      0.7356  │     76.82 %  ┃
┃          66  ┃      0.4676  │     88.50 %  │      0.4096  ┃   7.410e-02  │   01:18 min  ┃      0.7319  │     77.40 %  ┃
┃          67  ┃      0.4612  │     88.75 %  │      0.4104  ┃   7.341e-02  │   01:18 min  ┃      0.7493  │     76.25 %  ┃
┃          68  ┃      0.4590  │     88.80 %  │      0.4105  ┃   7.271e-02  │   01:18 min  ┃      0.7576  │     75.86 %  ┃
┃          69  ┃      0.4509  │     89.07 %  │      0.4141  ┃   7.201e-02  │   01:18 min  ┃      0.7458  │     76.51 %  ┃
┃          70  ┃      0.4406  │     89.39 %  │      0.4093  ┃   7.130e-02  │   01:18 min  ┃      0.7324  │     76.85 %  ┃
┃          71  ┃      0.4377  │     89.55 %  │      0.4095  ┃   7.059e-02  │   01:18 min  ┃      0.7301  │     77.05 %  ┃
┃          72  ┃      0.4355  │     89.62 %  │      0.4091  ┃   6.987e-02  │   01:18 min  ┃      0.7545  │     76.34 %  ┃
┃          73  ┃      0.4266  │     89.81 %  │      0.4098  ┃   6.915e-02  │   01:18 min  ┃      0.7521  │     75.98 %  ┃
┃          74  ┃      0.4208  │     90.01 %  │      0.4105  ┃   6.842e-02  │   01:18 min  ┃      0.7224  │     77.04 %  ┃
┃          75  ┃      0.4145  │     90.31 %  │      0.4125  ┃   6.769e-02  │   01:18 min  ┃      0.7443  │     76.42 %  ┃
┃          76  ┃      0.4108  │     90.37 %  │      0.4111  ┃   6.695e-02  │   01:18 min  ┃      0.7390  │     76.84 %  ┃
┃          77  ┃      0.4070  │     90.64 %  │      0.4119  ┃   6.621e-02  │   01:18 min  ┃      0.7067  │     77.73 %  ┃
┃          78  ┃      0.3969  │     90.99 %  │      0.4063  ┃   6.546e-02  │   01:18 min  ┃      0.7076  │     77.91 %  ┃
┃          79  ┃      0.3929  │     91.01 %  │      0.4127  ┃   6.471e-02  │   01:18 min  ┃      0.7465  │     75.93 %  ┃
┃          80  ┃      0.3882  │     91.21 %  │      0.4130  ┃   6.396e-02  │   01:18 min  ┃      0.6951  │     78.22 %  ┃
┃          81  ┃      0.3750  │     91.74 %  │      0.4043  ┃   6.321e-02  │   01:18 min  ┃      0.6944  │     78.29 %  ┃
┃          82  ┃      0.3720  │     91.90 %  │      0.4106  ┃   6.245e-02  │   01:18 min  ┃      0.7006  │     78.17 %  ┃
┃          83  ┃      0.3685  │     91.94 %  │      0.4097  ┃   6.168e-02  │   01:18 min  ┃      0.7322  │     76.48 %  ┃
┃          84  ┃      0.3644  │     92.09 %  │      0.4132  ┃   6.092e-02  │   01:18 min  ┃      0.6927  │     78.12 %  ┃
┃          85  ┃      0.3570  │     92.26 %  │      0.4110  ┃   6.015e-02  │   01:18 min  ┃      0.6862  │     77.87 %  ┃
┃          86  ┃      0.3496  │     92.56 %  │      0.4064  ┃   5.938e-02  │   01:18 min  ┃      0.6644  │     78.95 %  ┃
┃          87  ┃      0.3439  │     92.72 %  │      0.4112  ┃   5.861e-02  │   01:18 min  ┃      0.6853  │     78.42 %  ┃
┃          88  ┃      0.3377  │     92.96 %  │      0.4083  ┃   5.783e-02  │   01:18 min  ┃      0.7022  │     77.60 %  ┃
┃          89  ┃      0.3346  │     92.93 %  │      0.4119  ┃   5.706e-02  │   01:18 min  ┃      0.6914  │     77.93 %  ┃
┃          90  ┃      0.3296  │     93.18 %  │      0.4119  ┃   5.628e-02  │   01:18 min  ┃      0.6844  │     78.12 %  ┃
┃          91  ┃      0.3244  │     93.48 %  │      0.4107  ┃   5.550e-02  │   01:18 min  ┃      0.6896  │     77.80 %  ┃
┃          92  ┃      0.3191  │     93.63 %  │      0.4078  ┃   5.472e-02  │   01:18 min  ┃      0.6603  │     79.15 %  ┃
┃          93  ┃      0.3115  │     93.80 %  │      0.4050  ┃   5.394e-02  │   01:18 min  ┃      0.6659  │     78.42 %  ┃
┃          94  ┃      0.3060  │     93.91 %  │      0.4066  ┃   5.315e-02  │   01:18 min  ┃      0.6676  │     79.02 %  ┃
┃          95  ┃      0.3024  │     93.95 %  │      0.4053  ┃   5.237e-02  │   01:18 min  ┃      0.6645  │     79.05 %  ┃
┃          96  ┃      0.2965  │     94.20 %  │      0.4076  ┃   5.158e-02  │   01:18 min  ┃      0.6555  │     79.14 %  ┃
┃          97  ┃      0.2907  │     94.48 %  │      0.4072  ┃   5.080e-02  │   01:18 min  ┃      0.6342  │     79.99 %  ┃
┃          98  ┃      0.2834  │     94.55 %  │      0.4076  ┃   5.001e-02  │   01:18 min  ┃      0.6734  │     78.47 %  ┃
┃          99  ┃      0.2820  │     94.66 %  │      0.4045  ┃   4.923e-02  │   01:18 min  ┃      0.6748  │     78.16 %  ┃                                                                               [47/1866]
┃         100  ┃      0.2735  │     94.96 %  │      0.4027  ┃   4.844e-02  │   01:18 min  ┃      0.6813  │     77.95 %  ┃
┃         101  ┃      0.2696  │     94.98 %  │      0.4039  ┃   4.766e-02  │   01:18 min  ┃      0.6507  │     79.13 %  ┃
┃         102  ┃      0.2622  │     95.27 %  │      0.3996  ┃   4.687e-02  │   01:18 min  ┃      0.6499  │     79.30 %  ┃
┃         103  ┃      0.2569  │     95.49 %  │      0.3968  ┃   4.609e-02  │   01:18 min  ┃      0.6397  │     79.62 %  ┃
┃         104  ┃      0.2542  │     95.44 %  │      0.3993  ┃   4.531e-02  │   01:18 min  ┃      0.6573  │     78.82 %  ┃
┃         105  ┃      0.2536  │     95.56 %  │      0.4042  ┃   4.453e-02  │   01:18 min  ┃      0.6295  │     79.97 %  ┃
┃         106  ┃      0.2448  │     95.78 %  │      0.3965  ┃   4.375e-02  │   01:18 min  ┃      0.6310  │     79.74 %  ┃
┃         107  ┃      0.2393  │     95.86 %  │      0.3949  ┃   4.297e-02  │   01:18 min  ┃      0.6624  │     79.02 %  ┃
┃         108  ┃      0.2361  │     95.92 %  │      0.3899  ┃   4.219e-02  │   01:18 min  ┃      0.6158  │     80.54 %  ┃
┃         109  ┃      0.2289  │     96.24 %  │      0.3972  ┃   4.142e-02  │   01:18 min  ┃      0.6234  │     80.42 %  ┃
┃         110  ┃      0.2244  │     96.33 %  │      0.3910  ┃   4.064e-02  │   01:18 min  ┃      0.6535  │     79.20 %  ┃
┃         111  ┃      0.2216  │     96.25 %  │      0.3873  ┃   3.987e-02  │   01:18 min  ┃      0.6164  │     80.64 %  ┃
┃         112  ┃      0.2157  │     96.46 %  │      0.3911  ┃   3.910e-02  │   01:18 min  ┃      0.6224  │     80.21 %  ┃
┃         113  ┃      0.2116  │     96.60 %  │      0.3902  ┃   3.834e-02  │   01:18 min  ┃      0.6188  │     80.48 %  ┃
┃         114  ┃      0.2045  │     96.66 %  │      0.3785  ┃   3.758e-02  │   01:18 min  ┃      0.5962  │     80.85 %  ┃
┃         115  ┃      0.2027  │     96.73 %  │      0.3843  ┃   3.682e-02  │   01:18 min  ┃      0.6119  │     80.39 %  ┃
┃         116  ┃      0.1981  │     96.89 %  │      0.3791  ┃   3.606e-02  │   01:18 min  ┃      0.6257  │     80.32 %  ┃
┃         117  ┃      0.1960  │     96.95 %  │      0.3881  ┃   3.531e-02  │   01:18 min  ┃      0.5964  │     81.20 %  ┃
┃         118  ┃      0.1895  │     97.08 %  │      0.3773  ┃   3.456e-02  │   01:18 min  ┃      0.6106  │     80.37 %  ┃
┃         119  ┃      0.1861  │     97.14 %  │      0.3759  ┃   3.382e-02  │   01:18 min  ┃      0.6147  │     79.99 %  ┃
┃         120  ┃      0.1834  │     97.26 %  │      0.3731  ┃   3.308e-02  │   01:18 min  ┃      0.6070  │     80.76 %  ┃
┃         121  ┃      0.1778  │     97.35 %  │      0.3748  ┃   3.234e-02  │   01:18 min  ┃      0.5956  │     80.95 %  ┃
┃         122  ┃      0.1769  │     97.39 %  │      0.3707  ┃   3.161e-02  │   01:18 min  ┃      0.5982  │     81.15 %  ┃
┃         123  ┃      0.1694  │     97.44 %  │      0.3667  ┃   3.088e-02  │   01:18 min  ┃      0.5938  │     80.89 %  ┃
┃         124  ┃      0.1659  │     97.52 %  │      0.3628  ┃   3.015e-02  │   01:18 min  ┃      0.5824  │     81.70 %  ┃
┃         125  ┃      0.1639  │     97.51 %  │      0.3590  ┃   2.944e-02  │   01:18 min  ┃      0.6031  │     80.89 %  ┃
┃         126  ┃      0.1597  │     97.62 %  │      0.3548  ┃   2.872e-02  │   01:18 min  ┃      0.5793  │     81.46 %  ┃
┃         127  ┃      0.1564  │     97.69 %  │      0.3584  ┃   2.802e-02  │   01:18 min  ┃      0.5898  │     81.34 %  ┃
┃         128  ┃      0.1541  │     97.69 %  │      0.3532  ┃   2.731e-02  │   01:18 min  ┃      0.5890  │     81.52 %  ┃
┃         129  ┃      0.1498  │     97.78 %  │      0.3494  ┃   2.662e-02  │   01:18 min  ┃      0.5820  │     81.36 %  ┃
┃         130  ┃      0.1457  │     97.91 %  │      0.3458  ┃   2.592e-02  │   01:18 min  ┃      0.5822  │     81.49 %  ┃
┃         131  ┃      0.1455  │     97.85 %  │      0.3395  ┃   2.524e-02  │   01:18 min  ┃      0.5803  │     81.53 %  ┃
┃         132  ┃      0.1408  │     97.89 %  │      0.3353  ┃   2.456e-02  │   01:18 min  ┃      0.5735  │     81.74 %  ┃
┃         133  ┃      0.1384  │     98.00 %  │      0.3393  ┃   2.389e-02  │   01:18 min  ┃      0.5682  │     81.96 %  ┃
┃         134  ┃      0.1349  │     97.95 %  │      0.3267  ┃   2.322e-02  │   01:18 min  ┃      0.5716  │     81.74 %  ┃
┃         135  ┃      0.1303  │     98.02 %  │      0.3232  ┃   2.256e-02  │   01:18 min  ┃      0.5569  │     82.31 %  ┃
┃         136  ┃      0.1275  │     98.08 %  │      0.3186  ┃   2.191e-02  │   01:18 min  ┃      0.5662  │     82.22 %  ┃
┃         137  ┃      0.1260  │     98.07 %  │      0.3175  ┃   2.126e-02  │   01:18 min  ┃      0.5652  │     82.14 %  ┃
┃         138  ┃      0.1251  │     98.10 %  │      0.3198  ┃   2.062e-02  │   01:18 min  ┃      0.5615  │     81.94 %  ┃
┃         139  ┃      0.1208  │     98.13 %  │      0.3127  ┃   1.999e-02  │   01:18 min  ┃      0.5530  │     82.54 %  ┃
┃         140  ┃      0.1203  │     98.14 %  │      0.3113  ┃   1.937e-02  │   01:18 min  ┃      0.5497  │     82.42 %  ┃
┃         141  ┃      0.1166  │     98.15 %  │      0.3043  ┃   1.875e-02  │   01:18 min  ┃      0.5670  │     81.89 %  ┃
┃         142  ┃      0.1134  │     98.20 %  │      0.2946  ┃   1.814e-02  │   01:18 min  ┃      0.5524  │     82.21 %  ┃
┃         143  ┃      0.1119  │     98.20 %  │      0.2924  ┃   1.754e-02  │   01:18 min  ┃      0.5588  │     82.15 %  ┃
┃         144  ┃      0.1082  │     98.20 %  │      0.2863  ┃   1.695e-02  │   01:18 min  ┃      0.5535  │     82.29 %  ┃
┃         145  ┃      0.1069  │     98.21 %  │      0.2798  ┃   1.636e-02  │   01:18 min  ┃      0.5518  │     82.30 %  ┃
┃         146  ┃      0.1046  │     98.23 %  │      0.2812  ┃   1.578e-02  │   01:18 min  ┃      0.5456  │     82.33 %  ┃
┃         147  ┃      0.1030  │     98.25 %  │      0.2792  ┃   1.522e-02  │   01:18 min  ┃      0.5483  │     82.64 %  ┃
┃         148  ┃      0.1009  │     98.23 %  │      0.2653  ┃   1.466e-02  │   01:18 min  ┃      0.5449  │     82.85 %  ┃
┃         149  ┃      0.0990  │     98.26 %  │      0.2625  ┃   1.411e-02  │   01:18 min  ┃      0.5465  │     82.24 %  ┃
┃         150  ┃      0.0974  │     98.28 %  │      0.2600  ┃   1.356e-02  │   01:18 min  ┃      0.5393  │     82.50 %  ┃
┃         151  ┃      0.0950  │     98.30 %  │      0.2541  ┃   1.303e-02  │   01:18 min  ┃      0.5318  │     83.12 %  ┃
┃         152  ┃      0.0925  │     98.28 %  │      0.2410  ┃   1.251e-02  │   01:18 min  ┃      0.5350  │     82.96 %  ┃
┃         153  ┃      0.0910  │     98.26 %  │      0.2313  ┃   1.199e-02  │   01:18 min  ┃      0.5428  │     82.47 %  ┃
┃         154  ┃      0.0896  │     98.25 %  │      0.2344  ┃   1.149e-02  │   01:18 min  ┃      0.5281  │     83.26 %  ┃
┃         155  ┃      0.0877  │     98.28 %  │      0.2279  ┃   1.099e-02  │   01:18 min  ┃      0.5436  │     82.58 %  ┃
┃         156  ┃      0.0874  │     98.29 %  │      0.2295  ┃   1.050e-02  │   01:18 min  ┃      0.5385  │     82.92 %  ┃
┃         157  ┃      0.0865  │     98.23 %  │      0.2191  ┃   1.003e-02  │   01:18 min  ┃      0.5336  │     83.11 %  ┃
┃         158  ┃      0.0844  │     98.27 %  │      0.2121  ┃   9.561e-03  │   01:18 min  ┃      0.5356  │     82.86 %  ┃
┃         159  ┃      0.0821  │     98.25 %  │      0.2026  ┃   9.104e-03  │   01:18 min  ┃      0.5239  │     83.32 %  ┃
┃         160  ┃      0.0812  │     98.25 %  │      0.1946  ┃   8.658e-03  │   01:18 min  ┃      0.5255  │     83.40 %  ┃
┃         161  ┃      0.0797  │     98.29 %  │      0.1895  ┃   8.221e-03  │   01:18 min  ┃      0.5324  │     83.30 %  ┃
┃         162  ┃      0.0794  │     98.27 %  │      0.1906  ┃   7.795e-03  │   01:18 min  ┃      0.5361  │     83.11 %  ┃
┃         163  ┃      0.0781  │     98.28 %  │      0.1917  ┃   7.380e-03  │   01:18 min  ┃      0.5325  │     83.21 %  ┃
┃         164  ┃      0.0766  │     98.30 %  │      0.1808  ┃   6.975e-03  │   01:18 min  ┃      0.5301  │     83.31 %  ┃
┃         165  ┃      0.0759  │     98.29 %  │      0.1814  ┃   6.580e-03  │   01:18 min  ┃      0.5252  │     83.34 %  ┃
┃         166  ┃      0.0755  │     98.27 %  │      0.1690  ┃   6.196e-03  │   01:18 min  ┃      0.5218  │     83.66 %  ┃
┃         167  ┃      0.0748  │     98.31 %  │      0.1692  ┃   5.823e-03  │   01:18 min  ┃      0.5225  │     83.34 %  ┃
┃         168  ┃      0.0740  │     98.24 %  │      0.1684  ┃   5.461e-03  │   01:18 min  ┃      0.5264  │     82.83 %  ┃
┃         169  ┃      0.0729  │     98.26 %  │      0.1604  ┃   5.110e-03  │   01:18 min  ┃      0.5178  │     83.71 %  ┃
┃         170  ┃      0.0724  │     98.29 %  │      0.1622  ┃   4.770e-03  │   01:18 min  ┃      0.5222  │     83.62 %  ┃
┃         171  ┃      0.0722  │     98.25 %  │      0.1564  ┃   4.441e-03  │   01:18 min  ┃      0.5186  │     83.59 %  ┃
┃         172  ┃      0.0709  │     98.23 %  │      0.1491  ┃   4.124e-03  │   01:18 min  ┃      0.5096  │     83.90 %  ┃
┃         173  ┃      0.0710  │     98.25 %  │      0.1527  ┃   3.817e-03  │   01:18 min  ┃      0.5136  │     83.93 %  ┃
┃         174  ┃      0.0699  │     98.28 %  │      0.1452  ┃   3.523e-03  │   01:18 min  ┃      0.5116  │     84.13 %  ┃
┃         175  ┃      0.0694  │     98.26 %  │      0.1419  ┃   3.239e-03  │   01:18 min  ┃      0.5055  │     84.31 %  ┃
┃         176  ┃      0.0703  │     98.27 %  │      0.1470  ┃   2.967e-03  │   01:18 min  ┃      0.5123  │     84.00 %  ┃
┃         177  ┃      0.0687  │     98.24 %  │      0.1409  ┃   2.707e-03  │   01:18 min  ┃      0.5138  │     83.62 %  ┃
┃         178  ┃      0.0688  │     98.26 %  │      0.1427  ┃   2.458e-03  │   01:18 min  ┃      0.5108  │     83.72 %  ┃
┃         179  ┃      0.0678  │     98.26 %  │      0.1313  ┃   2.222e-03  │   01:18 min  ┃      0.5088  │     83.82 %  ┃
┃         180  ┃      0.0677  │     98.26 %  │      0.1228  ┃   1.996e-03  │   01:18 min  ┃      0.5052  │     84.08 %  ┃
┃         181  ┃      0.0676  │     98.28 %  │      0.1300  ┃   1.783e-03  │   01:18 min  ┃      0.5070  │     84.09 %  ┃
┃         182  ┃      0.0671  │     98.26 %  │      0.1279  ┃   1.582e-03  │   01:18 min  ┃      0.5068  │     83.99 %  ┃
┃         183  ┃      0.0664  │     98.25 %  │      0.1308  ┃   1.392e-03  │   01:18 min  ┃      0.5038  │     84.18 %  ┃
┃         184  ┃      0.0662  │     98.28 %  │      0.1259  ┃   1.215e-03  │   01:18 min  ┃      0.5051  │     84.17 %  ┃
┃         185  ┃      0.0662  │     98.26 %  │      0.1197  ┃   1.050e-03  │   01:18 min  ┃      0.5056  │     84.17 %  ┃
┃         186  ┃      0.0655  │     98.29 %  │      0.1294  ┃   8.962e-04  │   01:18 min  ┃      0.5049  │     84.27 %  ┃
┃         187  ┃      0.0653  │     98.28 %  │      0.1228  ┃   7.550e-04  │   01:18 min  ┃      0.5021  │     84.27 %  ┃
┃         188  ┃      0.0655  │     98.29 %  │      0.1159  ┃   6.259e-04  │   01:18 min  ┃      0.5010  │     84.33 %  ┃
┃         189  ┃      0.0651  │     98.28 %  │      0.1197  ┃   5.090e-04  │   01:18 min  ┃      0.5051  │     84.22 %  ┃
┃         190  ┃      0.0645  │     98.31 %  │      0.1285  ┃   4.042e-04  │   01:18 min  ┃      0.5046  │     84.27 %  ┃
┃         191  ┃      0.0647  │     98.30 %  │      0.1177  ┃   3.116e-04  │   01:18 min  ┃      0.5028  │     84.22 %  ┃
┃         192  ┃      0.0647  │     98.30 %  │      0.1103  ┃   2.313e-04  │   01:18 min  ┃      0.5027  │     84.18 %  ┃
┃         193  ┃      0.0642  │     98.30 %  │      0.1145  ┃   1.631e-04  │   01:18 min  ┃      0.5058  │     84.14 %  ┃
┃         194  ┃      0.0640  │     98.32 %  │      0.1125  ┃   1.071e-04  │   01:18 min  ┃      0.5028  │     84.24 %  ┃
┃         195  ┃      0.0648  │     98.29 %  │      0.1221  ┃   6.316e-05  │   01:18 min  ┃      0.5034  │     84.17 %  ┃
┃         196  ┃      0.0639  │     98.33 %  │      0.1113  ┃   3.123e-05  │   01:18 min  ┃      0.5006  │     84.49 %  ┃
┃         197  ┃      0.0643  │     98.31 %  │      0.1115  ┃   1.097e-05  │   01:18 min  ┃      0.5012  │     84.20 %  ┃
┃         198  ┃      0.0646  │     98.30 %  │      0.1148  ┃   1.542e-06  │   01:18 min  ┃      0.5024  │     84.17 %  ┃
┃         199  ┃      0.0646  │     98.31 %  │      0.1216  ┃   0.000e+00  │   01:18 min  ┃      0.5031  │     84.27 %  ┃